New connection! (428)
New connection! (629)
New connection! (675)
New connection! (724)
New connection! (771)
New connection! (818)
New connection! (867)
New connection! (914)
New connection! (961)
New connection! (1010)
New connection! (428)
New connection! (629)
Starting IoServer server on: 0.0.0.0:8080
Connected: 428
1 connection
New connection! (428)
Message from 428: {
    "context": "596573fedfff9",
    "command": "login",
    "data": {
        "token": "eyJ0eXAiOiJKV1QiLCJhbGciOiJSUzI1NiIsImp0aSI6Ijc0ZDUzOWVkOTcyYWFhYjI2NjdiOThhMzczNGJjMTA5YmIxM2Y5ODhiMTUxNGYzZDNiNTMzMGYwYmY0MTZjMGEyOThiNjgzMWEyOTRlYzFhIn0.eyJhdWQiOiIyIiwianRpIjoiNzRkNTM5ZWQ5NzJhYWFiMjY2N2I5OGEzNzM0YmMxMDliYjEzZjk4OGIxNTE0ZjNkM2I1MzMwZjBiZjQxNmMwYTI5OGI2ODMxYTI5NGVjMWEiLCJpYXQiOjE0OTk4MjEwNTQsIm5iZiI6MTQ5OTgyMTA1NCwiZXhwIjoxNDk5ODIxNjU0LCJzdWIiOiIyYTNhZTE3MC00NmIxLTExZTctODUyYy1kNTY5ZTU2NjJkNGEiLCJzY29wZXMiOltdfQ.SQhdnooEutiDzVUBQo8nzub7ZLWQtCxSxbqGsuR20hzqGWPVO5LFwVCzHl8WRqSeW03usgPMBfQLgHjmsiPBrr9qfaJZOJwV2JQmmdAQEUpjV5km6ttrQ68EyE-gw6H4lngbPgxPyPU2-8_O2Yzlo0s1FFo6oRS8bkXnSeoW7BPsUY_s8mQksB7qAav4ZJMNQ-4_9DRMjHS2SC4BVj_dzw-gDDORcrEY2ZojeMMoQ8djyxmRHgFgNjHjsTXKHrjjqpsJgQMZAjwX_7oOulAXIKsnf9nUFsnVIIgxvfWLajJOimvheQ422NuRVw0S4XlUerooRAMSDDzrHmXyg3iH8ng9shBmE6FVc5GF-uBUPbsGyjb9dY2_Sv3yB9r_x76kYMQEMrYeKwcUsvfBf7G8SMPO8hCqbm9j1nt7KfkcPDtlJabw3xPOw9R3-RouAlVVjzhWcOzZploGKiVuXHJl-5Dyypv5_-7C5sJQ2nWB4ddBD-d-qUkLgBrDCmQwfU8aaG72yBKyJLORtKcnCAn-rOSDYjgThgSF9O1q3idTWZA3Loru6NnvLj-TzUIMcBrShC2bg8itfJypKPgJROiCoBrH5NI-JtP7Vp50dszdTFBI6uDA68umR169OCgq_Vg4-v8R1z7RPhZfVza-01uzg71AplQ9YEO1CRu-MufB0KI"
    }
}

Connection 428 => {
    "server": {
        "status": "ok"
    },
    "context": "596573fedfff9"
}

Message from 428: {
    "context": "596573ff0a5ca",
    "command": "setStatus",
    "data": {
        "status": "invisible"
    }
}

Connection 428 => {
    "server": {
        "status": "ok"
    },
    "update": {
        "users": {
            "2a3ae170-46b1-11e7-852c-d569e5662d4a": {
                "status": "offline"
            }
        }
    }
}

Message from 428: {
    "context": "596573ff0ae69",
    "command": "getUsers",
    "data": []
}

Connection 428 => {
    "server": {
        "status": "ok"
    },
    "collection": {
        "users": {
            "2a3ae170-46b1-11e7-852c-d569e5662d4a": {
                "status": "invisible"
            }
        }
    }
}

